# JRE version: OpenJDK Runtime Environment (8.0_212-b04) (build 1.8.0_212-release-1586-b04)
# Java VM: OpenJDK 64-Bit Server VM (25.212-b04 mixed mode windows-amd64 compressed oops)
Heap:
 PSYoungGen      total 178176K, used 118806K [0x00000000e0000000, 0x00000000ee100000, 0x0000000100000000)
  eden space 148992K, 67% used [0x00000000e0000000,0x00000000e62cc2f0,0x00000000e9180000)
  from space 29184K, 60% used [0x00000000e9180000,0x00000000ea2b9898,0x00000000eae00000)
  to   space 29184K, 0% used [0x00000000ec480000,0x00000000ec480000,0x00000000ee100000)
 ParOldGen       total 156672K, used 78667K [0x00000000a0000000, 0x00000000a9900000, 0x00000000e0000000)
  object space 156672K, 50% used [0x00000000a0000000,0x00000000a4cd2ce8,0x00000000a9900000)
 Metaspace       used 69013K, capacity 73196K, committed 73368K, reserved 1112064K
  class space    used 9476K, capacity 10584K, committed 10656K, reserved 1048576K
GC Heap History (10 events):
Event: 20.544 GC heap before
{Heap before GC invocations=18 (full 2):
 PSYoungGen      total 116736K, used 58012K [0x00000000e0000000, 0x00000000ea700000, 0x0000000100000000)
  eden space 100864K, 44% used [0x00000000e0000000,0x00000000e2b93ed8,0x00000000e6280000)
  from space 15872K, 84% used [0x00000000e6280000,0x00000000e6f93280,0x00000000e7200000)
  to   space 16896K, 0% used [0x00000000e9680000,0x00000000e9680000,0x00000000ea700000)
 ParOldGen       total 98816K, used 30905K [0x00000000a0000000, 0x00000000a6080000, 0x00000000e0000000)
  object space 98816K, 31% used [0x00000000a0000000,0x00000000a1e2e658,0x00000000a6080000)
 Metaspace       used 56826K, capacity 59070K, committed 59160K, reserved 1099776K
  class space    used 7782K, capacity 8392K, committed 8480K, reserved 1048576K
Event: 20.574 GC heap after
Heap after GC invocations=18 (full 2):
 PSYoungGen      total 151040K, used 7035K [0x00000000e0000000, 0x00000000ea500000, 0x0000000100000000)
  eden space 136192K, 0% used [0x00000000e0000000,0x00000000e0000000,0x00000000e8500000)
  from space 14848K, 47% used [0x00000000e9680000,0x00000000e9d5ec88,0x00000000ea500000)
  to   space 16384K, 0% used [0x00000000e8500000,0x00000000e8500000,0x00000000e9500000)
 ParOldGen       total 98816K, used 41925K [0x00000000a0000000, 0x00000000a6080000, 0x00000000e0000000)
  object space 98816K, 42% used [0x00000000a0000000,0x00000000a28f1660,0x00000000a6080000)
 Metaspace       used 56826K, capacity 59070K, committed 59160K, reserved 1099776K
  class space    used 7782K, capacity 8392K, committed 8480K, reserved 1048576K
}
Event: 20.574 GC heap before
{Heap before GC invocations=19 (full 3):
 PSYoungGen      total 151040K, used 7035K [0x00000000e0000000, 0x00000000ea500000, 0x0000000100000000)
  eden space 136192K, 0% used [0x00000000e0000000,0x00000000e0000000,0x00000000e8500000)
  from space 14848K, 47% used [0x00000000e9680000,0x00000000e9d5ec88,0x00000000ea500000)
  to   space 16384K, 0% used [0x00000000e8500000,0x00000000e8500000,0x00000000e9500000)
 ParOldGen       total 98816K, used 41925K [0x00000000a0000000, 0x00000000a6080000, 0x00000000e0000000)
  object space 98816K, 42% used [0x00000000a0000000,0x00000000a28f1660,0x00000000a6080000)
 Metaspace       used 56826K, capacity 59070K, committed 59160K, reserved 1099776K
  class space    used 7782K, capacity 8392K, committed 8480K, reserved 1048576K
Event: 20.988 GC heap after
Heap after GC invocations=19 (full 3):
 PSYoungGen      total 151040K, used 0K [0x00000000e0000000, 0x00000000ea500000, 0x0000000100000000)
  eden space 136192K, 0% used [0x00000000e0000000,0x00000000e0000000,0x00000000e8500000)
  from space 14848K, 0% used [0x00000000e9680000,0x00000000e9680000,0x00000000ea500000)
  to   space 16384K, 0% used [0x00000000e8500000,0x00000000e8500000,0x00000000e9500000)
 ParOldGen       total 156672K, used 41948K [0x00000000a0000000, 0x00000000a9900000, 0x00000000e0000000)
  object space 156672K, 26% used [0x00000000a0000000,0x00000000a28f7348,0x00000000a9900000)
 Metaspace       used 56826K, capacity 59070K, committed 59160K, reserved 1099776K
  class space    used 7782K, capacity 8392K, committed 8480K, reserved 1048576K
}
Event: 23.216 GC heap before
{Heap before GC invocations=20 (full 3):
 PSYoungGen      total 151040K, used 136192K [0x00000000e0000000, 0x00000000ea500000, 0x0000000100000000)
  eden space 136192K, 100% used [0x00000000e0000000,0x00000000e8500000,0x00000000e8500000)
  from space 14848K, 0% used [0x00000000e9680000,0x00000000e9680000,0x00000000ea500000)
  to   space 16384K, 0% used [0x00000000e8500000,0x00000000e8500000,0x00000000e9500000)
 ParOldGen       total 156672K, used 41948K [0x00000000a0000000, 0x00000000a9900000, 0x00000000e0000000)
  object space 156672K, 26% used [0x00000000a0000000,0x00000000a28f7348,0x00000000a9900000)
 Metaspace       used 60363K, capacity 63612K, committed 63896K, reserved 1103872K
  class space    used 8329K, capacity 9288K, committed 9376K, reserved 1048576K
Event: 23.246 GC heap after
Heap after GC invocations=20 (full 3):
 PSYoungGen      total 152576K, used 16384K [0x00000000e0000000, 0x00000000ec180000, 0x0000000100000000)
  eden space 136192K, 0% used [0x00000000e0000000,0x00000000e0000000,0x00000000e8500000)
  from space 16384K, 100% used [0x00000000e8500000,0x00000000e9500000,0x00000000e9500000)
  to   space 19968K, 0% used [0x00000000eae00000,0x00000000eae00000,0x00000000ec180000)
 ParOldGen       total 156672K, used 45867K [0x00000000a0000000, 0x00000000a9900000, 0x00000000e0000000)
  object space 156672K, 29% used [0x00000000a0000000,0x00000000a2ccaf30,0x00000000a9900000)
 Metaspace       used 60363K, capacity 63612K, committed 63896K, reserved 1103872K
  class space    used 8329K, capacity 9288K, committed 9376K, reserved 1048576K
}
Event: 29.735 GC heap before
{Heap before GC invocations=21 (full 3):
 PSYoungGen      total 152576K, used 152576K [0x00000000e0000000, 0x00000000ec180000, 0x0000000100000000)
  eden space 136192K, 100% used [0x00000000e0000000,0x00000000e8500000,0x00000000e8500000)
  from space 16384K, 100% used [0x00000000e8500000,0x00000000e9500000,0x00000000e9500000)
  to   space 19968K, 0% used [0x00000000eae00000,0x00000000eae00000,0x00000000ec180000)
 ParOldGen       total 156672K, used 45867K [0x00000000a0000000, 0x00000000a9900000, 0x00000000e0000000)
  object space 156672K, 29% used [0x00000000a0000000,0x00000000a2ccaf30,0x00000000a9900000)
 Metaspace       used 66264K, capacity 69806K, committed 70040K, reserved 1110016K
  class space    used 9076K, capacity 10081K, committed 10144K, reserved 1048576K
Event: 29.791 GC heap after
Heap after GC invocations=21 (full 3):
 PSYoungGen      total 168960K, used 19957K [0x00000000e0000000, 0x00000000ed200000, 0x0000000100000000)
  eden space 148992K, 0% used [0x00000000e0000000,0x00000000e0000000,0x00000000e9180000)
  from space 19968K, 99% used [0x00000000eae00000,0x00000000ec17d598,0x00000000ec180000)
  to   space 29184K, 0% used [0x00000000e9180000,0x00000000e9180000,0x00000000eae00000)
 ParOldGen       total 156672K, used 62313K [0x00000000a0000000, 0x00000000a9900000, 0x00000000e0000000)
  object space 156672K, 39% used [0x00000000a0000000,0x00000000a3cda460,0x00000000a9900000)
 Metaspace       used 66264K, capacity 69806K, committed 70040K, reserved 1110016K
  class space    used 9076K, capacity 10081K, committed 10144K, reserved 1048576K
}
Event: 33.164 GC heap before
{Heap before GC invocations=22 (full 3):
 PSYoungGen      total 168960K, used 168949K [0x00000000e0000000, 0x00000000ed200000, 0x0000000100000000)
  eden space 148992K, 100% used [0x00000000e0000000,0x00000000e9180000,0x00000000e9180000)
  from space 19968K, 99% used [0x00000000eae00000,0x00000000ec17d598,0x00000000ec180000)
  to   space 29184K, 0% used [0x00000000e9180000,0x00000000e9180000,0x00000000eae00000)
 ParOldGen       total 156672K, used 62313K [0x00000000a0000000, 0x00000000a9900000, 0x00000000e0000000)
  object space 156672K, 39% used [0x00000000a0000000,0x00000000a3cda460,0x00000000a9900000)
 Metaspace       used 68051K, capacity 71960K, committed 72088K, reserved 1112064K
  class space    used 9320K, capacity 10372K, committed 10400K, reserved 1048576K
Event: 33.225 GC heap after
Heap after GC invocations=22 (full 3):
 PSYoungGen      total 178176K, used 17638K [0x00000000e0000000, 0x00000000ee100000, 0x0000000100000000)
  eden space 148992K, 0% used [0x00000000e0000000,0x00000000e0000000,0x00000000e9180000)
  from space 29184K, 60% used [0x00000000e9180000,0x00000000ea2b9898,0x00000000eae00000)
  to   space 29184K, 0% used [0x00000000ec480000,0x00000000ec480000,0x00000000ee100000)
 ParOldGen       total 156672K, used 78667K [0x00000000a0000000, 0x00000000a9900000, 0x00000000e0000000)
  object space 156672K, 50% used [0x00000000a0000000,0x00000000a4cd2ce8,0x00000000a9900000)
 Metaspace       used 68051K, capacity 71960K, committed 72088K, reserved 1112064K
  class space    used 9320K, capacity 10372K, committed 10400K, reserved 1048576K
}

