# JRE version: OpenJDK Runtime Environment (8.0_212-b04) (build 1.8.0_212-release-1586-b04)
# Java VM: OpenJDK 64-Bit Server VM (25.212-b04 mixed mode windows-amd64 compressed oops)
Heap:
 PSYoungGen      total 239616K, used 211043K [0x00000000e0000000, 0x00000000f2800000, 0x0000000100000000)
  eden space 184320K, 97% used [0x00000000e0000000,0x00000000eafdff40,0x00000000eb400000)
  from space 55296K, 55% used [0x00000000ef200000,0x00000000f1038e28,0x00000000f2800000)
  to   space 59392K, 0% used [0x00000000eb400000,0x00000000eb400000,0x00000000eee00000)
 ParOldGen       total 359424K, used 170813K [0x00000000a0000000, 0x00000000b5f00000, 0x00000000e0000000)
  object space 359424K, 47% used [0x00000000a0000000,0x00000000aa6cf500,0x00000000b5f00000)
 Metaspace       used 77354K, capacity 82640K, committed 82840K, reserved 1120256K
  class space    used 10358K, capacity 11598K, committed 11680K, reserved 1048576K
GC Heap History (10 events):
Event: 58.998 GC heap before
{Heap before GC invocations=24 (full 3):
 PSYoungGen      total 196096K, used 183489K [0x00000000e0000000, 0x00000000edf80000, 0x0000000100000000)
  eden space 172544K, 100% used [0x00000000e0000000,0x00000000ea880000,0x00000000ea880000)
  from space 23552K, 46% used [0x00000000ec880000,0x00000000ed330780,0x00000000edf80000)
  to   space 28160K, 0% used [0x00000000ea880000,0x00000000ea880000,0x00000000ec400000)
 ParOldGen       total 158208K, used 97726K [0x00000000a0000000, 0x00000000a9a80000, 0x00000000e0000000)
  object space 158208K, 61% used [0x00000000a0000000,0x00000000a5f6fb80,0x00000000a9a80000)
 Metaspace       used 71591K, capacity 76392K, committed 76568K, reserved 1114112K
  class space    used 9842K, capacity 11040K, committed 11040K, reserved 1048576K
Event: 59.024 GC heap after
Heap after GC invocations=24 (full 3):
 PSYoungGen      total 200704K, used 21428K [0x00000000e0000000, 0x00000000efa00000, 0x0000000100000000)
  eden space 172544K, 0% used [0x00000000e0000000,0x00000000e0000000,0x00000000ea880000)
  from space 28160K, 76% used [0x00000000ea880000,0x00000000ebd6d2a0,0x00000000ec400000)
  to   space 30208K, 0% used [0x00000000edc80000,0x00000000edc80000,0x00000000efa00000)
 ParOldGen       total 158208K, used 97734K [0x00000000a0000000, 0x00000000a9a80000, 0x00000000e0000000)
  object space 158208K, 61% used [0x00000000a0000000,0x00000000a5f71b80,0x00000000a9a80000)
 Metaspace       used 71591K, capacity 76392K, committed 76568K, reserved 1114112K
  class space    used 9842K, capacity 11040K, committed 11040K, reserved 1048576K
}
Event: 60.851 GC heap before
{Heap before GC invocations=25 (full 3):
 PSYoungGen      total 200704K, used 182718K [0x00000000e0000000, 0x00000000efa00000, 0x0000000100000000)
  eden space 172544K, 93% used [0x00000000e0000000,0x00000000e9d826f0,0x00000000ea880000)
  from space 28160K, 76% used [0x00000000ea880000,0x00000000ebd6d2a0,0x00000000ec400000)
  to   space 30208K, 0% used [0x00000000edc80000,0x00000000edc80000,0x00000000efa00000)
 ParOldGen       total 158208K, used 97734K [0x00000000a0000000, 0x00000000a9a80000, 0x00000000e0000000)
  object space 158208K, 61% used [0x00000000a0000000,0x00000000a5f71b80,0x00000000a9a80000)
 Metaspace       used 72676K, capacity 77608K, committed 77848K, reserved 1116160K
  class space    used 10007K, capacity 11216K, committed 11296K, reserved 1048576K
Event: 60.897 GC heap after
Heap after GC invocations=25 (full 3):
 PSYoungGen      total 195584K, used 30182K [0x00000000e0000000, 0x00000000f3980000, 0x0000000100000000)
  eden space 165376K, 0% used [0x00000000e0000000,0x00000000e0000000,0x00000000ea180000)
  from space 30208K, 99% used [0x00000000edc80000,0x00000000ef9f99e8,0x00000000efa00000)
  to   space 60416K, 0% used [0x00000000ea180000,0x00000000ea180000,0x00000000edc80000)
 ParOldGen       total 168960K, used 166874K [0x00000000a0000000, 0x00000000aa500000, 0x00000000e0000000)
  object space 168960K, 98% used [0x00000000a0000000,0x00000000aa2f6a50,0x00000000aa500000)
 Metaspace       used 72676K, capacity 77608K, committed 77848K, reserved 1116160K
  class space    used 10007K, capacity 11216K, committed 11296K, reserved 1048576K
}
Event: 60.897 GC heap before
{Heap before GC invocations=26 (full 4):
 PSYoungGen      total 195584K, used 30182K [0x00000000e0000000, 0x00000000f3980000, 0x0000000100000000)
  eden space 165376K, 0% used [0x00000000e0000000,0x00000000e0000000,0x00000000ea180000)
  from space 30208K, 99% used [0x00000000edc80000,0x00000000ef9f99e8,0x00000000efa00000)
  to   space 60416K, 0% used [0x00000000ea180000,0x00000000ea180000,0x00000000edc80000)
 ParOldGen       total 168960K, used 166874K [0x00000000a0000000, 0x00000000aa500000, 0x00000000e0000000)
  object space 168960K, 98% used [0x00000000a0000000,0x00000000aa2f6a50,0x00000000aa500000)
 Metaspace       used 72676K, capacity 77608K, committed 77848K, reserved 1116160K
  class space    used 10007K, capacity 11216K, committed 11296K, reserved 1048576K
Event: 61.989 GC heap after
Heap after GC invocations=26 (full 4):
 PSYoungGen      total 195584K, used 12619K [0x00000000e0000000, 0x00000000f3980000, 0x0000000100000000)
  eden space 165376K, 0% used [0x00000000e0000000,0x00000000e0000000,0x00000000ea180000)
  from space 30208K, 41% used [0x00000000edc80000,0x00000000ee8d2e58,0x00000000efa00000)
  to   space 60416K, 0% used [0x00000000ea180000,0x00000000ea180000,0x00000000edc80000)
 ParOldGen       total 359424K, used 168951K [0x00000000a0000000, 0x00000000b5f00000, 0x00000000e0000000)
  object space 359424K, 47% used [0x00000000a0000000,0x00000000aa4fdc98,0x00000000b5f00000)
 Metaspace       used 72577K, capacity 77320K, committed 77848K, reserved 1116160K
  class space    used 9975K, capacity 11160K, committed 11296K, reserved 1048576K
}
Event: 65.486 GC heap before
{Heap before GC invocations=27 (full 4):
 PSYoungGen      total 195584K, used 177995K [0x00000000e0000000, 0x00000000f3980000, 0x0000000100000000)
  eden space 165376K, 100% used [0x00000000e0000000,0x00000000ea180000,0x00000000ea180000)
  from space 30208K, 41% used [0x00000000edc80000,0x00000000ee8d2e58,0x00000000efa00000)
  to   space 60416K, 0% used [0x00000000ea180000,0x00000000ea180000,0x00000000edc80000)
 ParOldGen       total 359424K, used 168951K [0x00000000a0000000, 0x00000000b5f00000, 0x00000000e0000000)
  object space 359424K, 47% used [0x00000000a0000000,0x00000000aa4fdc98,0x00000000b5f00000)
 Metaspace       used 73463K, capacity 78284K, committed 78360K, reserved 1116160K
  class space    used 10088K, capacity 11278K, committed 11296K, reserved 1048576K
Event: 65.517 GC heap after
Heap after GC invocations=27 (full 4):
 PSYoungGen      total 225792K, used 3300K [0x00000000e0000000, 0x00000000f2c00000, 0x0000000100000000)
  eden space 165376K, 0% used [0x00000000e0000000,0x00000000e0000000,0x00000000ea180000)
  from space 60416K, 5% used [0x00000000ea180000,0x00000000ea4b9378,0x00000000edc80000)
  to   space 59392K, 0% used [0x00000000ef200000,0x00000000ef200000,0x00000000f2c00000)
 ParOldGen       total 359424K, used 170805K [0x00000000a0000000, 0x00000000b5f00000, 0x00000000e0000000)
  object space 359424K, 47% used [0x00000000a0000000,0x00000000aa6cd500,0x00000000b5f00000)
 Metaspace       used 73463K, capacity 78284K, committed 78360K, reserved 1116160K
  class space    used 10088K, capacity 11278K, committed 11296K, reserved 1048576K
}
Event: 585.842 GC heap before
{Heap before GC invocations=28 (full 4):
 PSYoungGen      total 225792K, used 168676K [0x00000000e0000000, 0x00000000f2c00000, 0x0000000100000000)
  eden space 165376K, 100% used [0x00000000e0000000,0x00000000ea180000,0x00000000ea180000)
  from space 60416K, 5% used [0x00000000ea180000,0x00000000ea4b9378,0x00000000edc80000)
  to   space 59392K, 0% used [0x00000000ef200000,0x00000000ef200000,0x00000000f2c00000)
 ParOldGen       total 359424K, used 170805K [0x00000000a0000000, 0x00000000b5f00000, 0x00000000e0000000)
  object space 359424K, 47% used [0x00000000a0000000,0x00000000aa6cd500,0x00000000b5f00000)
 Metaspace       used 77100K, capacity 82336K, committed 82584K, reserved 1120256K
  class space    used 10343K, capacity 11570K, committed 11680K, reserved 1048576K
Event: 585.889 GC heap after
Heap after GC invocations=28 (full 4):
 PSYoungGen      total 239616K, used 30947K [0x00000000e0000000, 0x00000000f2800000, 0x0000000100000000)
  eden space 184320K, 0% used [0x00000000e0000000,0x00000000e0000000,0x00000000eb400000)
  from space 55296K, 55% used [0x00000000ef200000,0x00000000f1038e28,0x00000000f2800000)
  to   space 59392K, 0% used [0x00000000eb400000,0x00000000eb400000,0x00000000eee00000)
 ParOldGen       total 359424K, used 170813K [0x00000000a0000000, 0x00000000b5f00000, 0x00000000e0000000)
  object space 359424K, 47% used [0x00000000a0000000,0x00000000aa6cf500,0x00000000b5f00000)
 Metaspace       used 77100K, capacity 82336K, committed 82584K, reserved 1120256K
  class space    used 10343K, capacity 11570K, committed 11680K, reserved 1048576K
}

